<?xml version="1.0" encoding="UTF-8"?>
<testng-results ignored="0" total="1" passed="1" failed="0" skipped="0">
  <reporter-output>
  </reporter-output>
  <suite started-at="2024-03-18T09:12:02 IST" name="Default suite" finished-at="2024-03-18T09:12:09 IST" duration-ms="7489">
    <groups>
    </groups>
    <test started-at="2024-03-18T09:12:02 IST" name="Default test" finished-at="2024-03-18T09:12:09 IST" duration-ms="7489">
      <class name="Day1.TestNgExecution">
        <test-method is-config="true" signature="bt()[pri:0, instance:Day1.TestNgExecution@3e92efc3]" started-at="2024-03-18T09:12:02 IST" name="bt" finished-at="2024-03-18T09:12:06 IST" duration-ms="4290" status="PASS">
          <reporter-output>
          </reporter-output>
        </test-method> <!-- bt -->
        <test-method is-config="true" signature="bm()[pri:0, instance:Day1.TestNgExecution@3e92efc3]" started-at="2024-03-18T09:12:06 IST" name="bm" finished-at="2024-03-18T09:12:08 IST" duration-ms="1542" status="PASS">
          <reporter-output>
          </reporter-output>
        </test-method> <!-- bm -->
        <test-method signature="pass()[pri:0, instance:Day1.TestNgExecution@3e92efc3]" started-at="2024-03-18T09:12:08 IST" name="pass" finished-at="2024-03-18T09:12:08 IST" duration-ms="751" status="PASS">
          <reporter-output>
          </reporter-output>
        </test-method> <!-- pass -->
        <test-method is-config="true" signature="am()[pri:0, instance:Day1.TestNgExecution@3e92efc3]" started-at="2024-03-18T09:12:08 IST" name="am" finished-at="2024-03-18T09:12:09 IST" duration-ms="207" status="PASS">
          <reporter-output>
          </reporter-output>
        </test-method> <!-- am -->
        <test-method is-config="true" signature="at()[pri:0, instance:Day1.TestNgExecution@3e92efc3]" started-at="2024-03-18T09:12:09 IST" name="at" finished-at="2024-03-18T09:12:09 IST" duration-ms="629" status="PASS">
          <reporter-output>
          </reporter-output>
        </test-method> <!-- at -->
      </class> <!-- Day1.TestNgExecution -->
    </test> <!-- Default test -->
  </suite> <!-- Default suite -->
</testng-results>
